<?xml version="1.0" encoding="UTF-8"?>
<!-- Generated by org.testng.reporters.JUnitReportReporter -->
<testsuite hostname="Ronaldinhoa1" name="Test.TestPhongBan" tests="1" failures="0" timestamp="12 Apr 2018 17:13:35 GMT" time="1.975" errors="0">
  <testcase name="checkFindAll" time="1.975" classname="Test.TestPhongBan"/>
</testsuite> <!-- Test.TestPhongBan -->
